<?xml version="1.0" encoding="UTF-8"?>
<!-- Generated by org.testng.reporters.JUnitReportReporter -->
<testsuite hostname="P11-AS-9PQL622" name="test.test" tests="2" failures="0" timestamp="11 Oct 2018 08:10:43 GMT" time="0.013" errors="0">
  <testcase name="testCase2" time="0.002" classname="test.test"/>
  <testcase name="testCase1" time="0.011" classname="test.test"/>
</testsuite> <!-- test.test -->
