<?xml version="1.0" encoding="UTF-8"?>
<!-- Generated by org.testng.reporters.JUnitReportReporter -->
<testsuite hostname="P11-AS-9PQL622" name="test.testng1" tests="2" failures="0" timestamp="11 Oct 2018 09:51:10 GMT" time="0.004" errors="0">
  <testcase name="f" time="0.002" classname="test.testng1"/>
  <testcase name="f1" time="0.002" classname="test.testng1"/>
</testsuite> <!-- test.testng1 -->
