<?xml version="1.0" encoding="UTF-8"?>
<!-- Generated by org.testng.reporters.JUnitReportReporter -->
<testsuite hostname="P11-AS-9PQL622" name="test.testng3" tests="1" failures="0" timestamp="11 Oct 2018 09:51:10 GMT" time="0.001" errors="0">
  <testcase name="f" time="0.001" classname="test.testng3"/>
</testsuite> <!-- test.testng3 -->
