<?xml version="1.0" encoding="UTF-8"?>
<!-- Generated by org.testng.reporters.JUnitReportReporter -->
<testsuite hostname="P11-AS-9PQL622" name="dataProv.TestNGXMLTest" tests="1" failures="0" timestamp="11 Oct 2018 10:34:22 GMT" time="0.016" errors="0">
  <testcase name="test_name" time="0.016" classname="dataProv.TestNGXMLTest"/>
</testsuite> <!-- dataProv.TestNGXMLTest -->
